build/app/outputs/mapping/release/mapping.txt
# compiler: R8
# compiler_version: 2.1.62
# min_api: 16
# pg_map_id: 2c39cf4
# common_typos_disable
...
androidx.lifecycle.ClassesInfoCache -> androidx.lifecycle.a:
    java.util.Map mCallbackMap -> a
    java.util.Map mHasLifecycleMethods -> b
    androidx.lifecycle.ClassesInfoCache sInstance -> c
    androidx.lifecycle.ClassesInfoCache$CallbackInfo createInfo(java.lang.Class,java.lang.reflect.Method[]) -> a
    java.lang.reflect.Method[] getDeclaredMethods(java.lang.Class) -> b
    androidx.lifecycle.ClassesInfoCache$CallbackInfo getInfo(java.lang.Class) -> c
    boolean hasLifecycleMethods(java.lang.Class) -> d
    void verifyAndPutHandler(java.util.Map,androidx.lifecycle.ClassesInfoCache$MethodReference,androidx.lifecycle.Lifecycle$Event,java.lang.Class) -> e
androidx.lifecycle.ClassesInfoCache$CallbackInfo -> androidx.lifecycle.a$a:
    java.util.Map mEventToHandlers -> a
    java.util.Map mHandlerToEvent -> b
    void invokeCallbacks(androidx.lifecycle.LifecycleOwner,androidx.lifecycle.Lifecycle$Event,java.lang.Object) -> a
    void invokeMethodsForEvent(java.util.List,androidx.lifecycle.LifecycleOwner,androidx.lifecycle.Lifecycle$Event,java.lang.Object) -> b
androidx.lifecycle.ClassesInfoCache$MethodReference -> androidx.lifecycle.a$b:
    int mCallType -> a
    java.lang.reflect.Method mMethod -> b
    void invokeCallback(androidx.lifecycle.LifecycleOwner,androidx.lifecycle.Lifecycle$Event,java.lang.Object) -> a
androidx.lifecycle.CompositeGeneratedAdaptersObserver -> androidx.lifecycle.CompositeGeneratedAdaptersObserver:
    androidx.lifecycle.GeneratedAdapter[] mGeneratedAdapters -> a
    void onStateChanged(androidx.lifecycle.LifecycleOwner,androidx.lifecycle.Lifecycle$Event) -> g
androidx.lifecycle.FullLifecycleObserver -> androidx.lifecycle.b:
    void onResume(androidx.lifecycle.LifecycleOwner) -> a
    void onPause(androidx.lifecycle.LifecycleOwner) -> b
    void onDestroy(androidx.lifecycle.LifecycleOwner) -> c
    void onStop(androidx.lifecycle.LifecycleOwner) -> d
    void onCreate(androidx.lifecycle.LifecycleOwner) -> e
    void onStart(androidx.lifecycle.LifecycleOwner) -> f
androidx.lifecycle.FullLifecycleObserverAdapter -> androidx.lifecycle.FullLifecycleObserverAdapter:
    androidx.lifecycle.FullLifecycleObserver mFullLifecycleObserver -> a
    androidx.lifecycle.LifecycleEventObserver mLifecycleEventObserver -> b
    void onStateChanged(androidx.lifecycle.LifecycleOwner,androidx.lifecycle.Lifecycle$Event) -> g
androidx.lifecycle.FullLifecycleObserverAdapter$1 -> androidx.lifecycle.FullLifecycleObserverAdapter$a:
    int[] $SwitchMap$androidx$lifecycle$Lifecycle$Event -> a
androidx.lifecycle.GeneratedAdapter -> androidx.lifecycle.c:
    void callMethods(androidx.lifecycle.LifecycleOwner,androidx.lifecycle.Lifecycle$Event,boolean,androidx.lifecycle.MethodCallsLogger) -> a
androidx.lifecycle.Lifecycle -> androidx.lifecycle.d:
    void addObserver(androidx.lifecycle.LifecycleObserver) -> a
    androidx.lifecycle.Lifecycle$State getCurrentState() -> b
    void removeObserver(androidx.lifecycle.LifecycleObserver) -> c
androidx.lifecycle.Lifecycle$Event -> androidx.lifecycle.d$a:
androidx.lifecycle.Lifecycle$State -> androidx.lifecycle.d$b:
    androidx.lifecycle.Lifecycle$State INITIALIZED -> b
    androidx.lifecycle.Lifecycle$State DESTROYED -> a
    androidx.lifecycle.Lifecycle$State[] $VALUES -> f
    androidx.lifecycle.Lifecycle$State RESUMED -> e
    androidx.lifecycle.Lifecycle$State STARTED -> d
    androidx.lifecycle.Lifecycle$State CREATED -> c
    boolean isAtLeast(androidx.lifecycle.Lifecycle$State) -> a
androidx.lifecycle.LifecycleEventObserver -> androidx.lifecycle.e:
    void onStateChanged(androidx.lifecycle.LifecycleOwner,androidx.lifecycle.Lifecycle$Event) -> g
androidx.lifecycle.LifecycleObserver -> androidx.lifecycle.f:
androidx.lifecycle.LifecycleOwner -> androidx.lifecycle.g:
    androidx.lifecycle.Lifecycle getLifecycle() -> a