build/app/outputs/mapping/release/usage.txt
com.example.flutter2_contact_picker.R$style
com.example.flutter2_contact_picker.R$layout
com.example.flutter2_contact_picker.R$dimen
com.example.flutter2_contact_picker.BuildConfig
com.example.flutter2_contact_picker.R$color
com.example.flutter2_contact_picker.R$mipmap
com.example.flutter2_contact_picker.R$drawable
com.example.flutter2_contact_picker.R$attr
com.example.flutter2_contact_picker.R$integer
com.example.flutter2_contact_picker.R$xml
com.example.flutter2_contact_picker.R
com.example.flutter2_contact_picker.R$string
com.example.flutter2_contact_picker.R$id
com.example.flutter2_contact_picker.R$styleable
...
com.google.common.eventbus.Dispatcher$LegacyAsyncDispatcher$EventWithSubscriber
com.google.common.cache.Striped64
kotlin.jvm.functions.Function9
com.google.common.graph.AbstractNetwork
com.google.common.hash.Funnels$SequentialFunnel
androidx.core.provider.FontRequest
com.google.common.collect.ObjectCountHashMap
androidx.core.graphics.TypefaceCompatApi28Impl
kotlin.coroutines.CombinedContext$toString$1
com.google.common.cache.RemovalCause$3
com.google.common.graph.Traverser$TreeTraverser$3
io.flutter.plugins.imagepicker.R$styleable
javax.annotation.meta.TypeQualifierNickname
com.google.common.util.concurrent.Striped$SmallLazyStriped
com.google.common.collect.AbstractMapBasedMultimap$AsMap$AsMapIterator
kotlin.math.MathKt
androidx.core.view.OnApplyWindowInsetsListener
androidx.core.content.pm.PermissionInfoCompat$ProtectionFlags
com.google.common.util.concurrent.MoreExecutors$DirectExecutorService
com.benjaminabel.vibration.VibrationPlugin:
    public static void registerWith(io.flutter.plugin.common.PluginRegistry$Registrar)
    private static final java.lang.String CHANNEL
com.google.common.collect.EmptyImmutableSetMultimap
androidx.loader.app.LoaderManagerImpl$LoaderInfo
androidx.core.provider.FontsContractCompat$FontRequestCallback$FontRequestFailReason
com.google.common.cache.CacheBuilderSpec$RefreshDurationParser
com.google.common.collect.ImmutableMapEntrySet$EntrySetSerializedForm
androidx.core.util.LogWriter
kotlin.internal.LowPriorityInOverloadResolution
io.flutter.plugins.pathprovider.R$layout
com.google.common.base.PatternCompiler
kotlin.ExceptionsKt:
    private void <init>()
com.google.common.graph.ForwardingGraph
kotlin.coroutines.CoroutineContext$plus$1
androidx.core.net.ConnectivityManagerCompat$RestrictBackgroundStatus
com.example.imagegallerysaver.SaveResultModel:
    public synthetic void <init>(boolean,java.lang.String,java.lang.String,int,kotlin.jvm.internal.DefaultConstructorMarker)
    public final boolean isSuccess()
    public final void setSuccess(boolean)
    public final java.lang.String getFilePath()
    public final void setFilePath(java.lang.String)
    public final java.lang.String getErrorMessage()
    public final void setErrorMessage(java.lang.String)
com.google.common.collect.FilteredEntryMultimap$Keys
com.google.common.util.concurrent.RateLimiter$SleepingStopwatch$1
com.google.common.io.BaseEncoding$SeparatedBaseEncoding
com.google.common.primitives.SignedBytes$LexicographicalComparator
kotlin.time.DurationUnitKt
androidx.versionedparcelable.VersionedParcelize
androidx.fragment.app.FragmentTransitionCompat21$3
kotlin.ranges.ClosedRange
kotlin.sequences.TransformingSequence
com.google.common.collect.AbstractRangeSet
com.google.common.xml.XmlEscapers
com.google.common.collect.RegularImmutableTable$CellSet
com.google.common.collect.Sets$CartesianSet
io.flutter.embedding.android.FlutterTextureView:
    private static final java.lang.String TAG
com.google.common.collect.RegularImmutableMap$EntrySet$1
com.google.common.collect.CompactHashSet$1
com.google.common.escape.CharEscaper
androidx.lifecycle.ViewModelProvider$NewInstanceFactory
androidx.lifecycle.ViewModelProvider
kotlin.jvm.internal.markers.KMutableIterable
com.google.common.collect.Sets$5
com.google.common.collect.ImmutableEnumSet$EnumSerializedForm
com.google.common.util.concurrent.Service
com.google.common.collect.RegularImmutableAsList
androidx.loader.app.LoaderManagerImpl
androidx.loader.app.LoaderManager
kotlin.text.CharDirectionality$Companion$directionalityMap$2
com.google.common.collect.Collections2
androidx.fragment.app.FragmentTransition$4
androidx.core.provider.SelfDestructiveThread$2
androidx.loader.R$integer
androidx.core.graphics.TypefaceCompatApi26Impl
androidx.core.view.DragStartHelper$2
androidx.arch.core.util.Function
kotlin.collections.CollectionsKt__IteratorsKt
io.flutter.view.FlutterNativeView$1
kotlin.UByteArray$Iterator
com.google.common.util.concurrent.Striped$PaddedSemaphore